app/build/intermediates/manifest_merge_blame_file/lidacaizhuDebug/processLidacaizhuDebugMainManifest/manifest-merger-blame-lidacaizhu-debug-report.txt
1<?xml version="1.0" encoding="utf-8"?>
2<manifest xmlns:android="http://schemas.android.com/apk/res/android"
3    package="com.jianglab.babywife.lidacaizhu"
4    android:versionCode="2026080101"
5    android:versionName="2026.08.01.multiformat-60s-lidacaizhu" >
6
7    <uses-sdk
8        android:minSdkVersion="23"
9        android:targetSdkVersion="35" />
10
11    <uses-permission android:name="android.permission.INTERNET" />
11-->src/main/AndroidManifest.xml:3:5-67
11-->src/main/AndroidManifest.xml:3:22-64
12    <uses-permission android:name="android.permission.ACCESS_NETWORK_STATE" />
12-->src/main/AndroidManifest.xml:4:5-79
12-->src/main/AndroidManifest.xml:4:22-76
13    <uses-permission android:name="android.permission.WAKE_LOCK" />
13-->src/main/AndroidManifest.xml:5:5-68
13-->src/main/AndroidManifest.xml:5:22-65
14    <uses-permission android:name="android.permission.FOREGROUND_SERVICE" />
14-->src/main/AndroidManifest.xml:6:5-77
14-->src/main/AndroidManifest.xml:6:22-74
15    <uses-permission android:name="android.permission.FOREGROUND_SERVICE_MEDIA_PLAYBACK" />
15-->src/main/AndroidManifest.xml:7:5-92
15-->src/main/AndroidManifest.xml:7:22-89
16
17    <application
17-->src/main/AndroidManifest.xml:9:5-58:19
18        android:allowBackup="true"
18-->src/main/AndroidManifest.xml:10:9-35
19        android:dataExtractionRules="@xml/data_extraction_rules"
19-->src/main/AndroidManifest.xml:11:9-65
20        android:debuggable="true"
21        android:extractNativeLibs="false"
21-->src/main/AndroidManifest.xml:13:9-42
22        android:fullBackupContent="@xml/backup_rules"
22-->src/main/AndroidManifest.xml:12:9-54
23        android:hardwareAccelerated="true"
23-->src/main/AndroidManifest.xml:19:9-43
24        android:icon="@mipmap/ic_launcher"
24-->src/main/AndroidManifest.xml:16:9-43
25        android:label="@string/app_name"
25-->src/main/AndroidManifest.xml:18:9-41
26        android:networkSecurityConfig="@xml/network_security_config"
26-->src/main/AndroidManifest.xml:15:9-69
27        android:roundIcon="@mipmap/ic_launcher_round"
27-->src/main/AndroidManifest.xml:17:9-54
28        android:theme="@style/AppTheme"
28-->src/main/AndroidManifest.xml:20:9-40
29        android:usesCleartextTraffic="true" >
29-->src/main/AndroidManifest.xml:14:9-44
30        <service
30-->src/main/AndroidManifest.xml:22:9-25:61
31            android:name="com.jianglab.babywife.PlaybackControlService"
31-->src/main/AndroidManifest.xml:23:13-51
32            android:exported="false"
32-->src/main/AndroidManifest.xml:24:13-37
33            android:foregroundServiceType="mediaPlayback" />
33-->src/main/AndroidManifest.xml:25:13-58
34
35        <activity
35-->src/main/AndroidManifest.xml:27:9-31:52
36            android:name="com.jianglab.babywife.MainActivity"
36-->src/main/AndroidManifest.xml:28:13-41
37            android:configChanges="keyboard|keyboardHidden|orientation|screenSize"
37-->src/main/AndroidManifest.xml:29:13-83
38            android:exported="true"
38-->src/main/AndroidManifest.xml:30:13-36
39            android:screenOrientation="portrait" />
39-->src/main/AndroidManifest.xml:31:13-49
40
41        <activity-alias
41-->src/main/AndroidManifest.xml:46:9-57:26
42            android:name="com.jianglab.babywife.LauncherNew"
42-->src/main/AndroidManifest.xml:47:13-40
43            android:enabled="false"
43-->src/main/AndroidManifest.xml:48:13-36
44            android:exported="true"
44-->src/main/AndroidManifest.xml:49:13-36
45            android:icon="@mipmap/ic_launcher_new"
45-->src/main/AndroidManifest.xml:50:13-51
46            android:label="@string/app_name"
46-->src/main/AndroidManifest.xml:51:13-45
47            android:targetActivity="com.jianglab.babywife.MainActivity" >
47-->src/main/AndroidManifest.xml:52:13-51
48            <intent-filter>
48-->src/main/AndroidManifest.xml:40:13-43:29
49                <action android:name="android.intent.action.MAIN" />
49-->src/main/AndroidManifest.xml:41:17-69
49-->src/main/AndroidManifest.xml:41:25-66
50
51                <category android:name="android.intent.category.LAUNCHER" />
51-->src/main/AndroidManifest.xml:42:17-77
51-->src/main/AndroidManifest.xml:42:27-74
52            </intent-filter>
53        </activity-alias>
54        <activity-alias
54-->src/main/AndroidManifest.xml:33:9-44:26
55            android:name="com.jianglab.babywife.LauncherClassic"
55-->src/main/AndroidManifest.xml:34:13-44
56            android:enabled="true"
56-->src/main/AndroidManifest.xml:35:13-35
57            android:exported="true"
57-->src/main/AndroidManifest.xml:36:13-36
58            android:icon="@mipmap/ic_launcher_classic"
58-->src/main/AndroidManifest.xml:37:13-55
59            android:label="@string/app_name"
59-->src/main/AndroidManifest.xml:38:13-45
60            android:targetActivity="com.jianglab.babywife.MainActivity" >
60-->src/main/AndroidManifest.xml:39:13-51
61            <intent-filter>
61-->src/main/AndroidManifest.xml:40:13-43:29
62                <action android:name="android.intent.action.MAIN" />
62-->src/main/AndroidManifest.xml:41:17-69
62-->src/main/AndroidManifest.xml:41:25-66
63
64                <category android:name="android.intent.category.LAUNCHER" />
64-->src/main/AndroidManifest.xml:42:17-77
64-->src/main/AndroidManifest.xml:42:27-74
65            </intent-filter>
66        </activity-alias>
67    </application>
68
69</manifest>